[0.083s] Invoking command in '/home/migue/ros2_ws/build/cpp_pubsub': CMAKE_PREFIX_PATH=${CMAKE_PREFIX_PATH}:/opt/ros/foxy /usr/bin/cmake --build /home/migue/ros2_ws/build/cpp_pubsub -- -j12 -l12
[0.112s] -- Found ament_cmake: 0.9.11 (/opt/ros/foxy/share/ament_cmake/cmake)
[0.135s] -- Using PYTHON_EXECUTABLE: /usr/bin/python3
[0.284s] -- Found rclcpp: 2.4.2 (/opt/ros/foxy/share/rclcpp/cmake)
[0.311s] -- Using all available rosidl_typesupport_c: rosidl_typesupport_fastrtps_c;rosidl_typesupport_introspection_c
[0.314s] -- Found rosidl_adapter: 1.3.0 (/opt/ros/foxy/share/rosidl_adapter/cmake)
[0.435s] -- Using all available rosidl_typesupport_cpp: rosidl_typesupport_fastrtps_cpp;rosidl_typesupport_introspection_cpp
[0.476s] -- Found rmw_implementation_cmake: 1.0.3 (/opt/ros/foxy/share/rmw_implementation_cmake/cmake)
[0.477s] -- Using RMW implementation 'rmw_fastrtps_cpp' as default
[0.598s] -- Found tutorial_interfaces: 0.0.0 (/home/migue/ros2_ws/install/tutorial_interfaces/share/tutorial_interfaces/cmake)
[0.690s] -- Found ament_lint_auto: 0.9.7 (/opt/ros/foxy/share/ament_lint_auto/cmake)
[0.745s] -- Added test 'copyright' to check source files copyright and LICENSE
[0.745s] -- Added test 'cppcheck' to perform static code analysis on C / C++ code
[0.746s] -- Configured cppcheck include dirs: 
[0.746s] -- Configured cppcheck exclude dirs and/or files: 
[0.746s] -- Added test 'cpplint' to check C / C++ code against the Google style
[0.746s] -- Configured cpplint exclude dirs and/or files: 
[0.746s] -- Added test 'lint_cmake' to check CMake code style
[0.747s] -- Added test 'uncrustify' to check C / C++ code style
[0.747s] -- Configured uncrustify additional arguments: 
[0.747s] -- Added test 'xmllint' to check XML markup files
[0.749s] -- Configuring done
[0.759s] -- Generating done
[0.760s] -- Build files have been written to: /home/migue/ros2_ws/build/cpp_pubsub
[0.787s] [35m[1mScanning dependencies of target talker[0m
[0.795s] [35m[1mScanning dependencies of target listener[0m
[0.814s] [ 25%] [32mBuilding CXX object CMakeFiles/talker.dir/src/publisher_member_function.cpp.o[0m
[0.818s] [ 50%] [32mBuilding CXX object CMakeFiles/listener.dir/src/subscriber_member_function.cpp.o[0m
[1.923s] [01m[K/home/migue/ros2_ws/src/cpp_pubsub/src/publisher_member_function.cpp:51:21:[m[K [01;31m[Kerror: [m[Kâ€˜[01m[Ktutorial_interfaces[m[Kâ€™ was not declared in this scope; did you mean â€˜[01m[Krcl_interfaces[m[Kâ€™?
[1.924s]    51 |   rclcpp::Publisher<[01;31m[Ktutorial_interfaces[m[K::msg::Num>::SharedPtr publisher_; // CHANGE para emplear el msg definido en el paquete creado tutorial_interfaces
[1.924s]       |                     [01;31m[K^~~~~~~~~~~~~~~~~~~[m[K
[1.924s]       |                     [32m[Krcl_interfaces[m[K
[1.924s] [01m[K/home/migue/ros2_ws/src/cpp_pubsub/src/publisher_member_function.cpp:51:50:[m[K [01;31m[Kerror: [m[Ktemplate argument 1 is invalid
[1.924s]    51 |   rclcpp::Publisher<tutorial_interfaces::msg::Num[01;31m[K>[m[K::SharedPtr publisher_; // CHANGE para emplear el msg definido en el paquete creado tutorial_interfaces
[1.924s]       |                                                  [01;31m[K^[m[K
[1.925s] [01m[K/home/migue/ros2_ws/src/cpp_pubsub/src/publisher_member_function.cpp:51:53:[m[K [01;31m[Kerror: [m[Kexpected â€˜[01m[K;[m[Kâ€™ at end of member declaration
[1.925s]    51 |   rclcpp::Publisher<tutorial_interfaces::msg::Num>::[01;31m[KSharedPtr[m[K publisher_; // CHANGE para emplear el msg definido en el paquete creado tutorial_interfaces
[1.925s]       |                                                     [01;31m[K^~~~~~~~~[m[K
[1.925s]       |                                                              [32m[K;[m[K
[1.926s] [01m[K/home/migue/ros2_ws/src/cpp_pubsub/src/publisher_member_function.cpp:51:63:[m[K [01;31m[Kerror: [m[Kâ€˜[01m[Kpublisher_[m[Kâ€™ does not name a type; did you mean â€˜[01m[Krcl_publisher_t[m[Kâ€™?
[1.926s]    51 |   rclcpp::Publisher<tutorial_interfaces::msg::Num>::SharedPtr [01;31m[Kpublisher_[m[K; // CHANGE para emplear el msg definido en el paquete creado tutorial_interfaces
[1.926s]       |                                                               [01;31m[K^~~~~~~~~~[m[K
[1.926s]       |                                                               [32m[Krcl_publisher_t[m[K
[1.929s] [01m[K/home/migue/ros2_ws/src/cpp_pubsub/src/publisher_member_function.cpp:[m[K In constructor â€˜[01m[KMinimalPublisher::MinimalPublisher()[m[Kâ€™:
[1.929s] [01m[K/home/migue/ros2_ws/src/cpp_pubsub/src/publisher_member_function.cpp:33:5:[m[K [01;31m[Kerror: [m[Kâ€˜[01m[Kpublisher_[m[Kâ€™ was not declared in this scope; did you mean â€˜[01m[Krcl_publisher_t[m[Kâ€™?
[1.929s]    33 |     [01;31m[Kpublisher_[m[K = this->create_publisher<tutorial_interfaces::msg::Num>("topic", 10);    // CHANGE para emplear el msg definido en el paquete creado tutorial_interfaces
[1.929s]       |     [01;31m[K^~~~~~~~~~[m[K
[1.929s]       |     [32m[Krcl_publisher_t[m[K
[1.932s] [01m[K/home/migue/ros2_ws/src/cpp_pubsub/src/publisher_member_function.cpp:33:41:[m[K [01;31m[Kerror: [m[Kâ€˜[01m[Ktutorial_interfaces[m[Kâ€™ was not declared in this scope; did you mean â€˜[01m[Krcl_interfaces[m[Kâ€™?
[1.932s]    33 |     publisher_ = this->create_publisher<[01;31m[Ktutorial_interfaces[m[K::msg::Num>("topic", 10);    // CHANGE para emplear el msg definido en el paquete creado tutorial_interfaces
[1.932s]       |                                         [01;31m[K^~~~~~~~~~~~~~~~~~~[m[K
[1.933s]       |                                         [32m[Krcl_interfaces[m[K
[1.933s] [01m[K/home/migue/ros2_ws/src/cpp_pubsub/src/publisher_member_function.cpp:33:24:[m[K [01;31m[Kerror: [m[Kparse error in template argument list
[1.933s]    33 |     publisher_ = this->[01;31m[Kcreate_publisher<tutorial_interfaces::msg::Num>[m[K("topic", 10);    // CHANGE para emplear el msg definido en el paquete creado tutorial_interfaces
[1.933s]       |                        [01;31m[K^~~~~~~~~~~~~~~~~~~~~~~~~~~~~~~~~~~~~~~~~~~~~~~[m[K
[1.933s] [01m[K/home/migue/ros2_ws/src/cpp_pubsub/src/publisher_member_function.cpp:33:83:[m[K [01;31m[Kerror: [m[Kno matching function for call to â€˜[01m[KMinimalPublisher::create_publisher<<expression error> >(const char [6], int)[m[Kâ€™
[1.933s]    33 |     publisher_ = this->create_publisher<tutorial_interfaces::msg::Num>("topic", 10[01;31m[K)[m[K;    // CHANGE para emplear el msg definido en el paquete creado tutorial_interfaces
[1.933s]       |                                                                                   [01;31m[K^[m[K
[1.933s] In file included from [01m[K/opt/ros/foxy/include/rclcpp/executors/single_threaded_executor.hpp:28[m[K,
[1.933s]                  from [01m[K/opt/ros/foxy/include/rclcpp/executors.hpp:22[m[K,
[1.934s]                  from [01m[K/opt/ros/foxy/include/rclcpp/rclcpp.hpp:146[m[K,
[1.934s]                  from [01m[K/home/migue/ros2_ws/src/cpp_pubsub/src/publisher_member_function.cpp:18[m[K:
[1.934s] [01m[K/opt/ros/foxy/include/rclcpp/node.hpp:184:3:[m[K [01;36m[Knote: [m[Kcandidate: â€˜[01m[Ktemplate<class MessageT, class AllocatorT, class PublisherT> std::shared_ptr<PublisherT> rclcpp::Node::create_publisher(const string&, const rclcpp::QoS&, const rclcpp::PublisherOptionsWithAllocator<AllocatorT>&)[m[Kâ€™
[1.934s]   184 |   [01;36m[Kcreate_publisher[m[K(
[1.934s]       |   [01;36m[K^~~~~~~~~~~~~~~~[m[K
[1.934s] [01m[K/opt/ros/foxy/include/rclcpp/node.hpp:184:3:[m[K [01;36m[Knote: [m[K  template argument deduction/substitution failed:
[1.934s] [01m[K/home/migue/ros2_ws/src/cpp_pubsub/src/publisher_member_function.cpp:33:83:[m[K [01;31m[Kerror: [m[Ktemplate argument 1 is invalid
[1.934s]    33 |     publisher_ = this->create_publisher<tutorial_interfaces::msg::Num>("topic", 10[01;31m[K)[m[K;    // CHANGE para emplear el msg definido en el paquete creado tutorial_interfaces
[1.934s]       |                                                                                   [01;31m[K^[m[K
[1.942s] [01m[K/home/migue/ros2_ws/src/cpp_pubsub/src/publisher_member_function.cpp:[m[K In member function â€˜[01m[Kvoid MinimalPublisher::timer_callback()[m[Kâ€™:
[1.942s] [01m[K/home/migue/ros2_ws/src/cpp_pubsub/src/publisher_member_function.cpp:42:20:[m[K [01;31m[Kerror: [m[Kâ€˜[01m[Ktutorial_interfaces[m[Kâ€™ has not been declared
[1.942s]    42 |     auto message = [01;31m[Ktutorial_interfaces[m[K::msg::Num();                               // CHANGE para emplear el msg definido en el paquete creado tutorial_interfaces
[1.943s]       |                    [01;31m[K^~~~~~~~~~~~~~~~~~~[m[K
[1.945s] [01m[K/home/migue/ros2_ws/src/cpp_pubsub/src/publisher_member_function.cpp:47:5:[m[K [01;31m[Kerror: [m[Kâ€˜[01m[Kpublisher_[m[Kâ€™ was not declared in this scope; did you mean â€˜[01m[Krcl_publisher_t[m[Kâ€™?
[1.945s]    47 |     [01;31m[Kpublisher_[m[K->publish(message);
[1.945s]       |     [01;31m[K^~~~~~~~~~[m[K
[1.945s]       |     [32m[Krcl_publisher_t[m[K
[2.278s] make[2]: *** [CMakeFiles/talker.dir/build.make:63: CMakeFiles/talker.dir/src/publisher_member_function.cpp.o] Error 1
[2.279s] make[1]: *** [CMakeFiles/Makefile2:107: CMakeFiles/talker.dir/all] Error 2
[2.279s] make[1]: *** Waiting for unfinished jobs....
[4.807s] [ 75%] [32m[1mLinking CXX executable listener[0m
[5.071s] [ 75%] Built target listener
[5.072s] make: *** [Makefile:141: all] Error 2
[5.077s] Invoked command in '/home/migue/ros2_ws/build/cpp_pubsub' returned '2': CMAKE_PREFIX_PATH=${CMAKE_PREFIX_PATH}:/opt/ros/foxy /usr/bin/cmake --build /home/migue/ros2_ws/build/cpp_pubsub -- -j12 -l12
