[0.024s] Invoking command in '/home/migue/tf2_ws/build/learning_tf2_cpp': CMAKE_PREFIX_PATH=${CMAKE_PREFIX_PATH}:/opt/ros/foxy /usr/bin/cmake --build /home/migue/tf2_ws/build/learning_tf2_cpp -- -j12 -l12
[0.081s] [35m[1mScanning dependencies of target turtle_tf2_listener[0m
[0.097s] [ 25%] Built target fixed_frame_tf2_broadcaster
[0.097s] [ 25%] [32mBuilding CXX object CMakeFiles/turtle_tf2_listener_debug.dir/src/turtle_tf2_listener_debug.cpp.o[0m
[0.100s] [ 41%] Built target static_turtle_tf2_broadcaster
[0.100s] [ 75%] Built target dynamic_frame_tf2_broadcaster
[0.100s] [ 75%] Built target turtle_tf2_broadcaster
[0.112s] [ 83%] [32mBuilding CXX object CMakeFiles/turtle_tf2_listener.dir/src/turtle_tf2_listener.cpp.o[0m
[1.466s] [01m[K/home/migue/tf2_ws/src/learning_tf2_cpp/src/turtle_tf2_listener_debug.cpp:[m[K In member function â€˜[01m[Kvoid FrameListener::on_timer()[m[Kâ€™:
[1.466s] [01m[K/home/migue/tf2_ws/src/learning_tf2_cpp/src/turtle_tf2_listener_debug.cpp:60:11:[m[K [01;31m[Kerror: [m[Kâ€˜[01m[KtransformStamped[m[Kâ€™ was not declared in this scope
[1.466s]    60 |           [01;31m[KtransformStamped[m[K = tf_buffer_->lookupTransform(
[1.466s]       |           [01;31m[K^~~~~~~~~~~~~~~~[m[K
[2.603s] make[2]: *** [CMakeFiles/turtle_tf2_listener_debug.dir/build.make:63: CMakeFiles/turtle_tf2_listener_debug.dir/src/turtle_tf2_listener_debug.cpp.o] Error 1
[2.603s] make[1]: *** [CMakeFiles/Makefile2:169: CMakeFiles/turtle_tf2_listener_debug.dir/all] Error 2
[2.604s] make[1]: *** Waiting for unfinished jobs....
[3.694s] [ 91%] [32m[1mLinking CXX executable turtle_tf2_listener[0m
[3.944s] [ 91%] Built target turtle_tf2_listener
[3.944s] make: *** [Makefile:141: all] Error 2
[3.948s] Invoked command in '/home/migue/tf2_ws/build/learning_tf2_cpp' returned '2': CMAKE_PREFIX_PATH=${CMAKE_PREFIX_PATH}:/opt/ros/foxy /usr/bin/cmake --build /home/migue/tf2_ws/build/learning_tf2_cpp -- -j12 -l12
