[35m[1mScanning dependencies of target turtle_tf2_listener[0m
[ 16%] Built target static_turtle_tf2_broadcaster
[ 25%] [32mBuilding CXX object CMakeFiles/turtle_tf2_listener_debug.dir/src/turtle_tf2_listener_debug.cpp.o[0m
[ 58%] Built target dynamic_frame_tf2_broadcaster
[ 58%] Built target turtle_tf2_broadcaster
[ 75%] Built target fixed_frame_tf2_broadcaster
[ 83%] [32mBuilding CXX object CMakeFiles/turtle_tf2_listener.dir/src/turtle_tf2_listener.cpp.o[0m
[01m[K/home/migue/tf2_ws/src/learning_tf2_cpp/src/turtle_tf2_listener_debug.cpp:[m[K In member function â€˜[01m[Kvoid FrameListener::on_timer()[m[Kâ€™:
[01m[K/home/migue/tf2_ws/src/learning_tf2_cpp/src/turtle_tf2_listener_debug.cpp:60:11:[m[K [01;31m[Kerror: [m[Kâ€˜[01m[KtransformStamped[m[Kâ€™ was not declared in this scope
   60 |           [01;31m[KtransformStamped[m[K = tf_buffer_->lookupTransform(
      |           [01;31m[K^~~~~~~~~~~~~~~~[m[K
make[2]: *** [CMakeFiles/turtle_tf2_listener_debug.dir/build.make:63: CMakeFiles/turtle_tf2_listener_debug.dir/src/turtle_tf2_listener_debug.cpp.o] Error 1
make[1]: *** [CMakeFiles/Makefile2:169: CMakeFiles/turtle_tf2_listener_debug.dir/all] Error 2
make[1]: *** Waiting for unfinished jobs....
[ 91%] [32m[1mLinking CXX executable turtle_tf2_listener[0m
[ 91%] Built target turtle_tf2_listener
make: *** [Makefile:141: all] Error 2
