[0.023s] Invoking command in '/home/migue/ros2_ws/build/cpp_srvcli': CMAKE_PREFIX_PATH=${CMAKE_PREFIX_PATH}:/opt/ros/foxy /usr/bin/cmake --build /home/migue/ros2_ws/build/cpp_srvcli -- -j12 -l12
[0.058s] -- Found ament_cmake: 0.9.11 (/opt/ros/foxy/share/ament_cmake/cmake)
[0.084s] -- Using PYTHON_EXECUTABLE: /usr/bin/python3
[0.276s] -- Found rclcpp: 2.4.2 (/opt/ros/foxy/share/rclcpp/cmake)
[0.303s] -- Using all available rosidl_typesupport_c: rosidl_typesupport_fastrtps_c;rosidl_typesupport_introspection_c
[0.305s] -- Found rosidl_adapter: 1.3.0 (/opt/ros/foxy/share/rosidl_adapter/cmake)
[0.432s] -- Using all available rosidl_typesupport_cpp: rosidl_typesupport_fastrtps_cpp;rosidl_typesupport_introspection_cpp
[0.478s] -- Found rmw_implementation_cmake: 1.0.3 (/opt/ros/foxy/share/rmw_implementation_cmake/cmake)
[0.479s] -- Using RMW implementation 'rmw_fastrtps_cpp' as default
[0.602s] -- Found tutorial_interfaces: 0.0.0 (/home/migue/ros2_ws/install/tutorial_interfaces/share/tutorial_interfaces/cmake)
[0.699s] -- Found ament_lint_auto: 0.9.7 (/opt/ros/foxy/share/ament_lint_auto/cmake)
[0.762s] -- Added test 'copyright' to check source files copyright and LICENSE
[0.763s] -- Added test 'cppcheck' to perform static code analysis on C / C++ code
[0.763s] -- Configured cppcheck include dirs: 
[0.763s] -- Configured cppcheck exclude dirs and/or files: 
[0.764s] -- Added test 'cpplint' to check C / C++ code against the Google style
[0.764s] -- Configured cpplint exclude dirs and/or files: 
[0.764s] -- Added test 'lint_cmake' to check CMake code style
[0.765s] -- Added test 'uncrustify' to check C / C++ code style
[0.765s] -- Configured uncrustify additional arguments: 
[0.765s] -- Added test 'xmllint' to check XML markup files
[0.767s] -- Configuring done
[0.778s] -- Generating done
[0.780s] -- Build files have been written to: /home/migue/ros2_ws/build/cpp_srvcli
[0.809s] [35m[1mScanning dependencies of target server[0m
[0.814s] [35m[1mScanning dependencies of target client[0m
[0.842s] [ 25%] [32mBuilding CXX object CMakeFiles/server.dir/src/add_two_ints_server.cpp.o[0m
[0.846s] [ 50%] [32mBuilding CXX object CMakeFiles/client.dir/src/add_two_ints_client.cpp.o[0m
[1.995s] [01m[K/home/migue/ros2_ws/src/cpp_srvcli/src/add_two_ints_client.cpp:[m[K In function â€˜[01m[Kint main(int, char**)[m[Kâ€™:
[1.995s] [01m[K/home/migue/ros2_ws/src/cpp_srvcli/src/add_two_ints_client.cpp:31:35:[m[K [01;31m[Kerror: [m[Kâ€˜[01m[Kexample_interfaces[m[Kâ€™ was not declared in this scope; did you mean â€˜[01m[Krcl_interfaces[m[Kâ€™?
[1.995s]    31 |   auto request = std::make_shared<[01;31m[Kexample_interfaces[m[K::srv::AddTwoInts::Request>();
[1.995s]       |                                   [01;31m[K^~~~~~~~~~~~~~~~~~[m[K
[1.995s]       |                                   [32m[Krcl_interfaces[m[K
[1.995s] [01m[K/home/migue/ros2_ws/src/cpp_srvcli/src/add_two_ints_client.cpp:31:23:[m[K [01;31m[Kerror: [m[Kparse error in template argument list
[1.995s]    31 |   auto request = std::[01;31m[Kmake_shared<example_interfaces::srv::AddTwoInts::Request>[m[K();
[1.995s]       |                       [01;31m[K^~~~~~~~~~~~~~~~~~~~~~~~~~~~~~~~~~~~~~~~~~~~~~~~~~~~~~~~~[m[K
[1.996s] [01m[K/home/migue/ros2_ws/src/cpp_srvcli/src/add_two_ints_client.cpp:31:81:[m[K [01;31m[Kerror: [m[Kno matching function for call to â€˜[01m[Kmake_shared<<expression error> >()[m[Kâ€™
[1.996s]    31 | d::make_shared<example_interfaces::srv::AddTwoInts::Request>([01;31m[K)[m[K;
[1.996s]       |                                                              [01;31m[K^[m[K
[1.996s] 
[1.996s] In file included from [01m[K/usr/include/c++/9/memory:81[m[K,
[1.996s]                  from [01m[K/opt/ros/foxy/include/rclcpp/rclcpp.hpp:144[m[K,
[1.996s]                  from [01m[K/home/migue/ros2_ws/src/cpp_srvcli/src/add_two_ints_client.cpp:1[m[K:
[1.996s] [01m[K/usr/include/c++/9/bits/shared_ptr.h:714:5:[m[K [01;36m[Knote: [m[Kcandidate: â€˜[01m[Ktemplate<class _Tp, class ... _Args> std::shared_ptr<_Tp> std::make_shared(_Args&& ...)[m[Kâ€™
[1.996s]   714 |     [01;36m[Kmake_shared[m[K(_Args&&... __args)
[1.996s]       |     [01;36m[K^~~~~~~~~~~[m[K
[1.996s] [01m[K/usr/include/c++/9/bits/shared_ptr.h:714:5:[m[K [01;36m[Knote: [m[K  template argument deduction/substitution failed:
[1.996s] [01m[K/home/migue/ros2_ws/src/cpp_srvcli/src/add_two_ints_client.cpp:31:81:[m[K [01;31m[Kerror: [m[Ktemplate argument 1 is invalid
[1.997s]    31 | d::make_shared<example_interfaces::srv::AddTwoInts::Request>([01;31m[K)[m[K;
[1.997s]       |                                                              [01;31m[K^[m[K
[1.997s] 
[2.376s] make[2]: *** [CMakeFiles/client.dir/build.make:63: CMakeFiles/client.dir/src/add_two_ints_client.cpp.o] Error 1
[2.376s] make[1]: *** [CMakeFiles/Makefile2:80: CMakeFiles/client.dir/all] Error 2
[2.376s] make[1]: *** Waiting for unfinished jobs....
[2.801s] [ 75%] [32m[1mLinking CXX executable server[0m
[3.063s] [ 75%] Built target server
[3.065s] make: *** [Makefile:141: all] Error 2
[3.067s] Invoked command in '/home/migue/ros2_ws/build/cpp_srvcli' returned '2': CMAKE_PREFIX_PATH=${CMAKE_PREFIX_PATH}:/opt/ros/foxy /usr/bin/cmake --build /home/migue/ros2_ws/build/cpp_srvcli -- -j12 -l12
